[      66ms] [WARNING] [questions] dropped 38 of 738 rows from content/questions.json: [Object, Object, Object, Object, Object, Object, Object, Object, Object, Object, Object, Object, Object, Object, Object, Object, Object, Object, Object, Object, Object, Object, Object, Object, Object, Object, Object, Object, Object, Object, Object, Object, Object, Object, Object, Object, Object, Object] @ http://localhost:4321/_next/static/chunks/903-c5a07ceef6227a9d.js:0
[    3128ms] [WARNING] The resource http://localhost:4321/_next/static/media/e4af272ccee01ff0-s.p.woff2 was preloaded using link preload but not used within a few seconds from the window's load event. Please make sure it has an appropriate `as` value and it is preloaded intentionally. @ http://localhost:4321/settings:0
[    3128ms] [WARNING] The resource http://localhost:4321/_next/static/media/c39eadd14305e40a-s.p.woff2 was preloaded using link preload but not used within a few seconds from the window's load event. Please make sure it has an appropriate `as` value and it is preloaded intentionally. @ http://localhost:4321/settings:0
[   48658ms] [LOG] BACKUPSTART{
  "version": 1,
  "exportedAt": "2026-07-14T18:39:53.856Z",
  "attempts": [
    {
      "id": "att-ft",
      "mode": "mock",
      "config": {
        "mode": "mock",
        "topics": "all",
        "tiers": [
          "gold",
          "practice"
        ],
        "count": 2,
        "timeLimitSec": null,
        "includeUnverified": true,
        "onlyMissed": false,
        "shuffleOptions": false
      },
      "startedAt": 1784053752436,
      "finishedAt": 1784054352436,
      "questionIds": [
        "koc2012-q001",
        "knpc2016-q007"
      ],
      "responses": [
        {
          "questionId": "koc2012-q001",
          "selected": [
            "B"
          ],
          "correct": true,
          "skipped": false,
          "timeSpentSec": 30,
          "revealedAt": 1784054352436
        },
        {
          "questionId": "knpc2016-q007",
          "selected": [],
          "correct": false,
          "skipped": false,
          "timeSpentSec": 120,
          "revealedAt": 1784054352436,
          "text": "My written working for this problem."
        }
      ],
      "score": 1,
      "total": 2,
      "durationSec": 600
    }
  ],
  "responses": [],
  "settings": {
    "defaultTiers": [
      "gold",
      "practice"
    ],
    "includeUnverified": true,
    "shuffleOptions": true,
    "mockCount": 50,
    "mockTimeLimitSec": 3600,
    "practiceCount": 20,
    "drillCount": 15
  }
}BACKUPEND @ :0
